<?xml version="1.0" encoding="UTF-8"?>
<!-- Generated by org.testng.reporters.JUnitReportReporter -->
<testsuite hostname="LAPTOP-V5LK2TQE" name="home.HomePageNavigation" tests="2" failures="0" timestamp="19 Apr 2018 19:05:02 GMT" time="31.831" errors="0">
  <testcase name="basepage_navigation" time="23.604" classname="home.HomePageNavigation"/>
  <testcase name="basepage_navigation" time="8.227" classname="home.HomePageNavigation"/>
</testsuite> <!-- home.HomePageNavigation -->
