<?xml version="1.0" encoding="UTF-8"?>
<!-- Generated by org.testng.reporters.JUnitReportReporter -->
<testsuite hostname="LAPTOP-V5LK2TQE" name="home.HomePage" tests="1" failures="0" timestamp="19 Apr 2018 05:14:31 GMT" time="15.653" errors="0">
  <testcase name="basepage_navigation" time="15.653" classname="home.HomePage"/>
</testsuite> <!-- home.HomePage -->
