<?xml version="1.0" encoding="UTF-8"?>
<!-- Generated by org.testng.reporters.JUnitReportReporter -->
<testsuite hostname="LAPTOP-V5LK2TQE" name="home.HomePageNavigation" tests="2" failures="0" timestamp="1 May 2018 15:57:37 GMT" time="125.200" errors="0">
  <testcase name="basepage_navigation" time="72.079" classname="home.HomePageNavigation"/>
  <testcase name="basepage_navigation" time="53.121" classname="home.HomePageNavigation"/>
</testsuite> <!-- home.HomePageNavigation -->
