<?xml version="1.0" encoding="UTF-8"?>
<!-- Generated by org.testng.reporters.JUnitReportReporter -->
<testsuite hostname="LAPTOP-V5LK2TQE" name="home.MenuBar" tests="4" failures="0" timestamp="1 May 2018 15:57:37 GMT" time="112.210" errors="0">
  <testcase name="validatePracticeButton" time="18.841" classname="home.MenuBar"/>
  <testcase name="validateAboutButton" time="16.506" classname="home.MenuBar"/>
  <testcase name="validateHomeButton" time="37.635" classname="home.MenuBar"/>
  <testcase name="validateVideosButton" time="39.228" classname="home.MenuBar"/>
</testsuite> <!-- home.MenuBar -->
