<?xml version="1.0" encoding="UTF-8"?>
<!-- Generated by org.testng.reporters.JUnitReportReporter -->
<testsuite hostname="LAPTOP-V5LK2TQE" name="home.HomePageNavigation" tests="2" failures="0" timestamp="5 May 2018 04:07:12 GMT" time="66.295" errors="0">
  <testcase name="basepage_navigation" time="34.501" classname="home.HomePageNavigation"/>
  <testcase name="basepage_navigation" time="31.794" classname="home.HomePageNavigation"/>
</testsuite> <!-- home.HomePageNavigation -->
