<?xml version="1.0" encoding="UTF-8"?>
<!-- Generated by org.testng.reporters.JUnitReportReporter -->
<testsuite hostname="LAPTOP-V5LK2TQE" name="home.HomePageNavigation" tests="2" failures="0" timestamp="29 Apr 2018 18:26:10 GMT" time="91.176" errors="0">
  <testcase name="basepage_navigation" time="29.705" classname="home.HomePageNavigation"/>
  <testcase name="basepage_navigation" time="61.471" classname="home.HomePageNavigation"/>
</testsuite> <!-- home.HomePageNavigation -->
