<?xml version="1.0" encoding="UTF-8"?>
<!-- Generated by org.testng.reporters.JUnitReportReporter -->
<testsuite hostname="LAPTOP-V5LK2TQE" name="home.HomePageNavigation" tests="2" failures="0" timestamp="2 May 2018 05:10:55 GMT" time="53.139" errors="0">
  <testcase name="basepage_navigation" time="32.014" classname="home.HomePageNavigation"/>
  <testcase name="basepage_navigation" time="21.125" classname="home.HomePageNavigation"/>
</testsuite> <!-- home.HomePageNavigation -->
