<?xml version="1.0" encoding="UTF-8"?>
<!-- Generated by org.testng.reporters.JUnitReportReporter -->
<testsuite hostname="LAPTOP-V5LK2TQE" name="home.MenuBar" tests="4" failures="0" timestamp="5 May 2018 04:07:12 GMT" time="64.936" errors="0">
  <testcase name="validatePracticeButton" time="12.881" classname="home.MenuBar"/>
  <testcase name="validateHomeButton" time="19.953" classname="home.MenuBar"/>
  <testcase name="validateVideosButton" time="18.700" classname="home.MenuBar"/>
  <testcase name="validateAboutButton" time="13.402" classname="home.MenuBar"/>
</testsuite> <!-- home.MenuBar -->
