<?xml version="1.0" encoding="UTF-8"?>
<!-- Generated by org.testng.reporters.JUnitReportReporter -->
<testsuite hostname="LAPTOP-V5LK2TQE" name="home.MenuBar" tests="4" failures="0" timestamp="2 May 2018 05:10:55 GMT" time="59.269" errors="0">
  <testcase name="validateHomeButton" time="16.436" classname="home.MenuBar"/>
  <testcase name="validateVideosButton" time="13.918" classname="home.MenuBar"/>
  <testcase name="validatePracticeButton" time="19.598" classname="home.MenuBar"/>
  <testcase name="validateAboutButton" time="9.317" classname="home.MenuBar"/>
</testsuite> <!-- home.MenuBar -->
