<?xml version="1.0" encoding="UTF-8"?>
<!-- Generated by org.testng.reporters.JUnitReportReporter -->
<testsuite hostname="LAPTOP-V5LK2TQE" name="home.HomePageNavigation" tests="2" failures="0" timestamp="2 May 2018 08:04:21 GMT" time="58.169" errors="0">
  <testcase name="basepage_navigation" time="27.701" classname="home.HomePageNavigation"/>
  <testcase name="basepage_navigation" time="30.468" classname="home.HomePageNavigation"/>
</testsuite> <!-- home.HomePageNavigation -->
