<?xml version="1.0" encoding="UTF-8"?>
<!-- Generated by org.testng.reporters.JUnitReportReporter -->
<testsuite hostname="LAPTOP-V5LK2TQE" name="home.MenuBar" tests="1" failures="0" timestamp="19 Apr 2018 19:24:32 GMT" time="13.414" errors="0">
  <testcase name="validateHomeButton" time="13.414" classname="home.MenuBar"/>
</testsuite> <!-- home.MenuBar -->
